0 info it worked if it ends with ok
1 verbose cli [ '/home/joao/anaconda3/bin/node',
1 verbose cli   '/home/joao/anaconda3/bin/npm',
1 verbose cli   'run',
1 verbose cli   'build' ]
2 info using npm@3.10.10
3 info using node@v6.11.2
4 verbose run-script [ 'prebuild', 'build', 'postbuild' ]
5 info lifecycle svelte-app@1.0.0~prebuild: svelte-app@1.0.0
6 silly lifecycle svelte-app@1.0.0~prebuild: no script for prebuild, continuing
7 info lifecycle svelte-app@1.0.0~build: svelte-app@1.0.0
8 verbose lifecycle svelte-app@1.0.0~build: unsafe-perm in lifecycle true
9 verbose lifecycle svelte-app@1.0.0~build: PATH: /home/joao/anaconda3/lib/node_modules/npm/bin/node-gyp-bin:/mnt/c/Users/Joao/passaporte/node_modules/.bin:/home/joao/anaconda3/bin:/home/joao/anaconda3/condabin:/usr/local/sbin:/usr/local/bin:/usr/sbin:/usr/bin:/sbin:/bin:/usr/games:/usr/local/games:/mnt/c/WINDOWS/system32:/mnt/c/WINDOWS:/mnt/c/WINDOWS/System32/Wbem:/mnt/c/WINDOWS/System32/WindowsPowerShell/v1.0:/mnt/c/WINDOWS/System32/OpenSSH:/mnt/c/Program Files (x86)/NVIDIA Corporation/PhysX/Common:/mnt/c/Program Files/NVIDIA Corporation/NVIDIA NvDLISR:/mnt/c/Program Files/Git/cmd:/mnt/c/WINDOWS/system32:/mnt/c/WINDOWS:/mnt/c/WINDOWS/System32/Wbem:/mnt/c/WINDOWS/System32/WindowsPowerShell/v1.0:/mnt/c/WINDOWS/System32/OpenSSH:/mnt/c/Users/Joao/AppData/Local/Microsoft/WindowsApps:/mnt/c/Users/Joao/AppData/Local/Programs/Microsoft VS Code/bin:/mnt/c/Program Files/Inkscape/bin:/snap/bin
10 verbose lifecycle svelte-app@1.0.0~build: CWD: /mnt/c/Users/Joao/passaporte
11 silly lifecycle svelte-app@1.0.0~build: Args: [ '-c', 'rollup -c' ]
12 silly lifecycle svelte-app@1.0.0~build: Returned: code: 1  signal: null
13 info lifecycle svelte-app@1.0.0~build: Failed to exec build script
14 verbose stack Error: svelte-app@1.0.0 build: `rollup -c`
14 verbose stack Exit status 1
14 verbose stack     at EventEmitter.<anonymous> (/home/joao/anaconda3/lib/node_modules/npm/lib/utils/lifecycle.js:255:16)
14 verbose stack     at emitTwo (events.js:106:13)
14 verbose stack     at EventEmitter.emit (events.js:191:7)
14 verbose stack     at ChildProcess.<anonymous> (/home/joao/anaconda3/lib/node_modules/npm/lib/utils/spawn.js:40:14)
14 verbose stack     at emitTwo (events.js:106:13)
14 verbose stack     at ChildProcess.emit (events.js:191:7)
14 verbose stack     at maybeClose (internal/child_process.js:891:16)
14 verbose stack     at Process.ChildProcess._handle.onexit (internal/child_process.js:226:5)
15 verbose pkgid svelte-app@1.0.0
16 verbose cwd /mnt/c/Users/Joao/passaporte
17 error Linux 5.4.72-microsoft-standard-WSL2
18 error argv "/home/joao/anaconda3/bin/node" "/home/joao/anaconda3/bin/npm" "run" "build"
19 error node v6.11.2
20 error npm  v3.10.10
21 error code ELIFECYCLE
22 error svelte-app@1.0.0 build: `rollup -c`
22 error Exit status 1
23 error Failed at the svelte-app@1.0.0 build script 'rollup -c'.
23 error Make sure you have the latest version of node.js and npm installed.
23 error If you do, this is most likely a problem with the svelte-app package,
23 error not with npm itself.
23 error Tell the author that this fails on your system:
23 error     rollup -c
23 error You can get information on how to open an issue for this project with:
23 error     npm bugs svelte-app
23 error Or if that isn't available, you can get their info via:
23 error     npm owner ls svelte-app
23 error There is likely additional logging output above.
24 verbose exit [ 1, true ]
